Line 26: Class HexUniControls.ctlUniComboBoxXP of control combo_flowctrl was not a loaded control class.
Line 65: Class HexUniControls.ctlUniComboBoxXP of control combo_stopbits was not a loaded control class.
Line 104: Class HexUniControls.ctlUniComboBoxXP of control combo_parity was not a loaded control class.
Line 143: Class HexUniControls.ctlUniComboBoxXP of control combo_databits was not a loaded control class.
Line 182: Class HexUniControls.ctlUniComboBoxXP of control combo_bps was not a loaded control class.
Line 221: Class HexUniControls.ctlUniComboBoxXP of control combo_delim was not a loaded control class.
Line 260: Class HexUniControls.ctlUniComboBoxXP of control combo_startchar was not a loaded control class.
Line 299: Class HexUniControls.ctlUniCheckXP of control chk_propOutlier was not a loaded control class.
Line 330: Class HexUniControls.ctlNumIncXP of control numInc_commPort was not a loaded control class.
Line 373: Class HexUniControls.ctlUniCheckXP of control chk_intercept was not a loaded control class.
Line 404: Class HexUniControls.ctlUniCheckXP of control chk_sresid was not a loaded control class.
Line 435: Class HexUniControls.ctlUniCheckXP of control chk_mdist was not a loaded control class.
Line 466: Class HexUniControls.ctlUniCheckXP of control chk_datetime was not a loaded control class.
Line 497: Class HexUniControls.ctlUniCheckXP of control chk_appendornew was not a loaded control class.
Line 528: Class HexUniControls.ctlUniCheckXP of control chk_acceptreject was not a loaded control class.
Line 587: Class HexUniControls.ctlUniTextBoxXP of control txt_limsinpath was not a loaded control class.
Line 625: Class HexUniControls.ctlUniTextBoxXP of control txt_limsin was not a loaded control class.
Line 663: Class HexUniControls.ctlUniCheckXP of control chk_limsin was not a loaded control class.
Line 694: Class HexUniControls.ctlUniCheckXP of control chk_sampid was not a loaded control class.
Line 725: Class HexUniControls.ctlUniFrameXP of control Frame1 was not a loaded control class.
Line 750: Class HexUniControls.ctlUniCheckXP of control chk_input8 was not a loaded control class.
Line 781: Class HexUniControls.ctlUniCheckXP of control chk_input7 was not a loaded control class.
Line 812: Class HexUniControls.ctlUniCheckXP of control chk_input6 was not a loaded control class.
Line 843: Class HexUniControls.ctlUniCheckXP of control chk_input5 was not a loaded control class.
Line 874: Class HexUniControls.ctlUniCheckXP of control chk_input4 was not a loaded control class.
Line 905: Class HexUniControls.ctlUniCheckXP of control chk_input3 was not a loaded control class.
Line 936: Class HexUniControls.ctlUniCheckXP of control chk_input2 was not a loaded control class.
Line 967: Class HexUniControls.ctlUniCheckXP of control chk_input1 was not a loaded control class.
Line 1013: Class HexUniControls.ctlUniTextBoxXP of control txt_pogfilename was not a loaded control class.
Line 1051: Class HexUniControls.ctlUniCheckXP of control chk_comm was not a loaded control class.
Line 1082: Class HexUniControls.ctlUniCheckXP of control chk_file was not a loaded control class.
Line 1113: Class HexUniControls.ctlUniCheckXP of control chk_header was not a loaded control class.
Line 1158: Class HexUniControls.ctlUniButtonImageXP of control cmd_cancel was not a loaded control class.
Line 1191: Class HexUniControls.ctlUniButtonImageXP of control cmd_save was not a loaded control class.
Line 1223: Class HexUniControls.ctlUniTextBoxXP of control txt_outpath was not a loaded control class.
Line 1261: Class HexUniControls.ctlUniCheckXP of control chk_startchar was not a loaded control class.
Line 1292: Class HexUniControls.ctlUniCheckXP of control chk_propvalue was not a loaded control class.
Line 1323: Class HexUniControls.ctlUniCheckXP of control chk_propname was not a loaded control class.
Line 1354: Class HexUniControls.ctlUniCheckXP of control chk_product was not a loaded control class.
Line 1385: Class HexUniControls.ctlUniCheckXP of control chk_comment was not a loaded control class.
Line 1416: Class HexUniControls.ctlUniCheckXP of control chk_time was not a loaded control class.
Line 1447: Class HexUniControls.ctlUniCheckXP of control chk_date was not a loaded control class.
Line 1491: Class HexUniControls.ctlUniCheckXP of control chk_slope was not a loaded control class.
Line 1522: Class HexUniControls.ctlUniLabel of control Label15 was not a loaded control class.
Line 1554: Class HexUniControls.ctlUniLabel of control Label14 was not a loaded control class.
Line 1586: Class HexUniControls.ctlUniLabel of control Label13 was not a loaded control class.
Line 1618: Class HexUniControls.ctlUniLabel of control Label11 was not a loaded control class.
Line 1650: Class HexUniControls.ctlUniLabel of control Label12 was not a loaded control class.
Line 1682: Class HexUniControls.ctlUniLabel of control Label10 was not a loaded control class.
Line 1714: Class HexUniControls.ctlUniLabel of control Label9 was not a loaded control class.
Line 1746: Class HexUniControls.ctlUniLabel of control Label8 was not a loaded control class.
Line 1778: Class HexUniControls.ctlUniLabel of control Label7 was not a loaded control class.
Line 1810: Class HexUniControls.ctlUniLabel of control Label6 was not a loaded control class.
Line 1842: Class HexUniControls.ctlUniLabel of control Label5 was not a loaded control class.
Line 1874: Class HexUniControls.ctlUniLabel of control Label4 was not a loaded control class.
Line 1906: Class HexUniControls.ctlUniLabel of control Label2 was not a loaded control class.
Line 1938: Class HexUniControls.ctlUniLabel of control Label1 was not a loaded control class.
Line 1970: Class HexUniControls.ctlUniCheckXP of control chk_nd was not a loaded control class.
Line 2001: Class HexUniControls.ctlUniCheckXP of control chk_serialNum was not a loaded control class.
Line 2032: Class HexUniControls.ctlUniRadioXP of control opt_asciiFormat was not a loaded control class.
Line 2063: Class HexUniControls.ctlUniRadioXP of control opt_uniFormat was not a loaded control class.
Line 2094: Class HexUniControls.ctlUniTooltipManager of control ctlUniTooltipManager1 was not a loaded control class.
Line 2115: Class HexUniControls.ctlUniFormCaption of control uniTitle was not a loaded control class.
Line 367: The property name _ExtentX in MSComm1 is invalid.
Line 368: The property name _ExtentY in MSComm1 is invalid.
Line 369: The property name _Version in MSComm1 is invalid.
Line 370: The property name CommPort in MSComm1 is invalid.
Line 371: The property name DTREnable in MSComm1 is invalid.
